<?xml version="1.0" encoding="UTF-8"?>
<testng-results ignored="0" total="1" passed="1" failed="0" skipped="0">
  <reporter-output>
  </reporter-output>
  <suite started-at="2021-01-26T17:39:41 GMT" name="Suite" finished-at="2021-01-26T17:39:53 GMT" duration-ms="12048">
    <groups>
    </groups>
    <test started-at="2021-01-26T17:39:41 GMT" name="Test" finished-at="2021-01-26T17:39:53 GMT" duration-ms="12048">
      <class name="com.guru99.tests.LoginPageTests">
        <test-method is-config="true" signature="setup()[pri:0, instance:com.guru99.tests.LoginPageTests@762ef0ea]" started-at="2021-01-26T17:39:41 GMT" name="setup" finished-at="2021-01-26T17:39:47 GMT" duration-ms="6482" status="PASS">
          <reporter-output>
          </reporter-output>
        </test-method> <!-- setup -->
        <test-method signature="verifyLogin(java.lang.String, java.lang.String)[pri:0, instance:com.guru99.tests.LoginPageTests@762ef0ea]" started-at="2021-01-26T17:39:47 GMT" name="verifyLogin" finished-at="2021-01-26T17:39:52 GMT" duration-ms="4672" status="PASS">
          <params>
            <param index="0">
              <value>
                <![CDATA[mngr305770]]>
              </value>
            </param>
            <param index="1">
              <value>
                <![CDATA[ysanEzY]]>
              </value>
            </param>
          </params>
          <reporter-output>
          </reporter-output>
        </test-method> <!-- verifyLogin -->
        <test-method is-config="true" signature="cleanUp()[pri:0, instance:com.guru99.tests.LoginPageTests@762ef0ea]" started-at="2021-01-26T17:39:52 GMT" name="cleanUp" finished-at="2021-01-26T17:39:53 GMT" duration-ms="850" status="PASS">
          <reporter-output>
          </reporter-output>
        </test-method> <!-- cleanUp -->
      </class> <!-- com.guru99.tests.LoginPageTests -->
    </test> <!-- Test -->
  </suite> <!-- Suite -->
</testng-results>
