<?xml version="1.0" encoding="UTF-8"?>
<testng-results skipped="0" failed="0" ignored="0" total="1" passed="1">
  <reporter-output>
  </reporter-output>
  <suite name="Suite" duration-ms="7865" started-at="2021-10-15T10:12:35 UTC" finished-at="2021-10-15T10:12:43 UTC">
    <groups>
    </groups>
    <test name="Test" duration-ms="7865" started-at="2021-10-15T10:12:35 UTC" finished-at="2021-10-15T10:12:43 UTC">
      <class name="com.guru99.tests.LoginPageTests">
        <test-method status="PASS" signature="setup()[pri:0, instance:com.guru99.tests.LoginPageTests@68bbe345]" name="setup" is-config="true" duration-ms="6154" started-at="2021-10-15T10:12:35 UTC" finished-at="2021-10-15T10:12:41 UTC">
          <reporter-output>
          </reporter-output>
        </test-method> <!-- setup -->
        <test-method status="PASS" signature="verifyLogin(java.lang.String, java.lang.String)[pri:0, instance:com.guru99.tests.LoginPageTests@68bbe345]" name="verifyLogin" duration-ms="630" started-at="2021-10-15T10:12:41 UTC" finished-at="2021-10-15T10:12:42 UTC">
          <params>
            <param index="0">
              <value>
                <![CDATA[mngr359489]]>
              </value>
            </param>
            <param index="1">
              <value>
                <![CDATA[arAsAmE]]>
              </value>
            </param>
          </params>
          <reporter-output>
          </reporter-output>
        </test-method> <!-- verifyLogin -->
        <test-method status="PASS" signature="cleanUp()[pri:0, instance:com.guru99.tests.LoginPageTests@68bbe345]" name="cleanUp" is-config="true" duration-ms="997" started-at="2021-10-15T10:12:42 UTC" finished-at="2021-10-15T10:12:43 UTC">
          <reporter-output>
          </reporter-output>
        </test-method> <!-- cleanUp -->
      </class> <!-- com.guru99.tests.LoginPageTests -->
    </test> <!-- Test -->
  </suite> <!-- Suite -->
</testng-results>
